Flow report for MIPS_MultiCycle
Tue Dec 17 10:31:47 2019
Quartus Prime Version 17.1.0 Build 590 10/25/2017 SJ Lite Edition


---------------------
; Table of Contents ;
---------------------
  1. Legal Notice
  2. Flow Summary
  3. Flow Settings
  4. Flow Non-Default Global Settings
  5. Flow Elapsed Time
  6. Flow OS Summary
  7. Flow Log
  8. Flow Messages
  9. Flow Suppressed Messages



----------------
; Legal Notice ;
----------------
Copyright (C) 2017  Intel Corporation. All rights reserved.
Your use of Intel Corporation's design tools, logic functions 
and other software and tools, and its AMPP partner logic 
functions, and any output files from any of the foregoing 
(including device programming or simulation files), and any 
associated documentation or information are expressly subject 
to the terms and conditions of the Intel Program License 
Subscription Agreement, the Intel Quartus Prime License Agreement,
the Intel FPGA IP License Agreement, or other applicable license
agreement, including, without limitation, that your use is for
the sole purpose of programming logic devices manufactured by
Intel and sold by Intel or its authorized distributors.  Please
refer to the applicable agreement for further details.



+----------------------------------------------------------------------------------+
; Flow Summary                                                                     ;
+------------------------------------+---------------------------------------------+
; Flow Status                        ; Successful - Tue Dec 17 10:31:41 2019       ;
; Quartus Prime Version              ; 17.1.0 Build 590 10/25/2017 SJ Lite Edition ;
; Revision Name                      ; MIPS_MultiCycle                             ;
; Top-level Entity Name              ; MIPS_System                                 ;
; Family                             ; Cyclone IV E                                ;
; Total logic elements               ; 2,378 / 6,272 ( 38 % )                      ;
;     Total combinational functions  ; 1,794 / 6,272 ( 29 % )                      ;
;     Dedicated logic registers      ; 1,530 / 6,272 ( 24 % )                      ;
; Total registers                    ; 1530                                        ;
; Total pins                         ; 105 / 180 ( 58 % )                          ;
; Total virtual pins                 ; 0                                           ;
; Total memory bits                  ; 3,072 / 276,480 ( 1 % )                     ;
; Embedded Multiplier 9-bit elements ; 0 / 30 ( 0 % )                              ;
; Total PLLs                         ; 0 / 2 ( 0 % )                               ;
; Device                             ; EP4CE6F17C6                                 ;
; Timing Models                      ; Final                                       ;
+------------------------------------+---------------------------------------------+


+-----------------------------------------+
; Flow Settings                           ;
+-------------------+---------------------+
; Option            ; Setting             ;
+-------------------+---------------------+
; Start date & time ; 12/17/2019 10:30:46 ;
; Main task         ; Compilation         ;
; Revision Name     ; MIPS_MultiCycle     ;
+-------------------+---------------------+


+---------------------------------------------------------------------------------------------------------------------------+
; Flow Non-Default Global Settings                                                                                          ;
+-------------------------------------+----------------------------------------+-----------------+-------------+------------+
; Assignment Name                     ; Value                                  ; Default Value   ; Entity Name ; Section Id ;
+-------------------------------------+----------------------------------------+-----------------+-------------+------------+
; COMPILER_SIGNATURE_ID               ; 167304650622516.157657864509784        ; --              ; --          ; --         ;
; EDA_SIMULATION_TOOL                 ; ModelSim-Altera (VHDL)                 ; <None>          ; --          ; --         ;
; PARTITION_COLOR                     ; -- (Not supported for targeted family) ; --              ; MIPS_System ; Top        ;
; PARTITION_FITTER_PRESERVATION_LEVEL ; -- (Not supported for targeted family) ; --              ; MIPS_System ; Top        ;
; PARTITION_NETLIST_TYPE              ; -- (Not supported for targeted family) ; --              ; MIPS_System ; Top        ;
; PROJECT_OUTPUT_DIRECTORY            ; output_files                           ; --              ; --          ; --         ;
; TOP_LEVEL_ENTITY                    ; MIPS_System                            ; MIPS_MultiCycle ; --          ; --         ;
+-------------------------------------+----------------------------------------+-----------------+-------------+------------+


+-------------------------------------------------------------------------------------------------------------------------------+
; Flow Elapsed Time                                                                                                             ;
+---------------------------+--------------+-------------------------+---------------------+------------------------------------+
; Module Name               ; Elapsed Time ; Average Processors Used ; Peak Virtual Memory ; Total CPU Time (on all processors) ;
+---------------------------+--------------+-------------------------+---------------------+------------------------------------+
; Analysis & Synthesis      ; 00:00:25     ; 1.0                     ; 4819 MB             ; 00:00:39                           ;
; Fitter                    ; 00:00:22     ; 1.0                     ; 5274 MB             ; 00:00:24                           ;
; Assembler                 ; 00:00:02     ; 1.0                     ; 4682 MB             ; 00:00:01                           ;
; TimeQuest Timing Analyzer ; 00:00:05     ; 1.1                     ; 4772 MB             ; 00:00:03                           ;
; Total                     ; 00:00:54     ; --                      ; --                  ; 00:01:07                           ;
+---------------------------+--------------+-------------------------+---------------------+------------------------------------+


+-----------------------------------------------------------------------------------------+
; Flow OS Summary                                                                         ;
+---------------------------+------------------+------------+------------+----------------+
; Module Name               ; Machine Hostname ; OS Name    ; OS Version ; Processor type ;
+---------------------------+------------------+------------+------------+----------------+
; Analysis & Synthesis      ; LAPTOP-TK50VHB9  ; Windows 10 ; 10.0       ; x86_64         ;
; Fitter                    ; LAPTOP-TK50VHB9  ; Windows 10 ; 10.0       ; x86_64         ;
; Assembler                 ; LAPTOP-TK50VHB9  ; Windows 10 ; 10.0       ; x86_64         ;
; TimeQuest Timing Analyzer ; LAPTOP-TK50VHB9  ; Windows 10 ; 10.0       ; x86_64         ;
+---------------------------+------------------+------------+------------+----------------+


------------
; Flow Log ;
------------
quartus_map --read_settings_files=on --write_settings_files=off MIPS_MultiCycle -c MIPS_MultiCycle
quartus_fit --read_settings_files=off --write_settings_files=off MIPS_MultiCycle -c MIPS_MultiCycle
quartus_asm --read_settings_files=off --write_settings_files=off MIPS_MultiCycle -c MIPS_MultiCycle
quartus_sta MIPS_MultiCycle -c MIPS_MultiCycle



